2025-09-17 17:09:20,606 - INFO - 正在获取热点资讯...
2025-09-17 17:09:20,800 - INFO - 获取到热点资讯 15条数据
2025-09-17 17:09:21,814 - INFO - 正在获取今日热点...
2025-09-17 17:09:21,927 - INFO - 获取到今日热点 0条数据
2025-09-17 17:09:22,936 - INFO - 正在获取公社热帖...
2025-09-17 17:09:23,050 - INFO - 获取到公社热帖 41条数据
2025-09-17 17:09:24,059 - INFO - 正在获取财经日历...
2025-09-17 17:09:24,178 - INFO - 获取到财经日历 0条数据
2025-09-17 17:09:25,178 - INFO - 正在获取同花热榜...
2025-09-17 17:09:25,272 - INFO - 获取到同花热榜 0条数据
2025-09-17 17:09:26,283 - INFO - 总共获取到56条热点数据
2025-09-17 17:09:26,284 - INFO - 数据已保存到: hotspot_data_20250917_170926.json
2025-09-17 17:09:26,285 - INFO - 数据已导出到CSV: hotspot_data_20250917_170926.csv
2025-09-17 17:15:25,676 - INFO - 正在获取热点资讯...
2025-09-17 17:15:25,886 - INFO - 获取到热点资讯 15条数据
2025-09-17 17:15:26,896 - INFO - 正在获取今日热点...
2025-09-17 17:15:27,030 - INFO - 获取到今日热点 0条数据
2025-09-17 17:15:28,044 - INFO - 正在获取公社热帖...
2025-09-17 17:15:28,154 - INFO - 获取到公社热帖 41条数据
2025-09-17 17:15:29,164 - INFO - 正在获取财经日历...
2025-09-17 17:15:29,164 - INFO - 尝试获取财经日历数据...
2025-09-17 17:15:29,264 - WARNING - 未找到财经日历元素
2025-09-17 17:15:29,264 - WARNING - 未找到财经日历数据
2025-09-17 17:15:29,264 - INFO - 获取到财经日历 0条数据
2025-09-17 17:15:30,275 - INFO - 正在获取同花热榜...
2025-09-17 17:15:30,386 - INFO - 获取到同花热榜 0条数据
2025-09-17 17:15:31,398 - INFO - 总共获取到56条热点数据
2025-09-17 17:15:31,399 - INFO - 数据已保存到: hotspot_data_20250917_171531.json
2025-09-17 17:15:31,400 - INFO - 数据已导出到CSV: hotspot_data_20250917_171531.csv
